<?xml version="1.0" encoding="UTF-8"?>
<!-- Generated by org.testng.reporters.JUnitReportReporter -->
<testsuite hostname="DESKTOP-100B1FK" failures="0" tests="1" name="com.crm.autodesk.OrganizationTest.TC_03_CreateContactwithOrganizationTest" time="48.856" errors="0" timestamp="2021-09-09T12:32:15 IST" skipped="0">
  <testcase classname="com.crm.autodesk.OrganizationTest.TC_03_CreateContactwithOrganizationTest" name="contactWithOrganization" time="48.856"/>
  <system-out/>
</testsuite> <!-- com.crm.autodesk.OrganizationTest.TC_03_CreateContactwithOrganizationTest -->
