<?xml version="1.0" encoding="UTF-8"?>
<!-- Generated by org.testng.reporters.JUnitReportReporter -->
<testsuite hostname="DESKTOP-100B1FK" failures="0" tests="1" name="com.crm.autodesk.PurchaseOrderTest.TC_02_CreatePurchaseOrderWithShippingAddress" time="24.195" errors="0" timestamp="2021-09-17T12:10:44 IST" skipped="0">
  <testcase classname="com.crm.autodesk.PurchaseOrderTest.TC_02_CreatePurchaseOrderWithShippingAddress" name="createPurchaseOrderwithSA" time="24.195"/>
  <system-out/>
</testsuite> <!-- com.crm.autodesk.PurchaseOrderTest.TC_02_CreatePurchaseOrderWithShippingAddress -->
