<?xml version="1.0" encoding="UTF-8"?>
<!-- Generated by org.testng.reporters.JUnitReportReporter -->
<testsuite hostname="DESKTOP-100B1FK" failures="0" tests="1" name="com.crm.autodesk.OrganizationTest.TC_01_CreateOrganizationTest" time="31.925" errors="0" timestamp="2021-09-09T11:22:49 IST" skipped="0">
  <testcase classname="com.crm.autodesk.OrganizationTest.TC_01_CreateOrganizationTest" name="createContactWithOrganizationTest" time="31.925"/>
  <system-out/>
</testsuite> <!-- com.crm.autodesk.OrganizationTest.TC_01_CreateOrganizationTest -->
