<?xml version="1.0" encoding="UTF-8"?>
<!-- Generated by org.testng.reporters.JUnitReportReporter -->
<testsuite hostname="DESKTOP-100B1FK" failures="0" tests="1" name="com.crm.autodesk.PurchaseOrderTest.TC_03_CreatePurchaseOrderCopyShippingAddress" time="28.327" errors="0" timestamp="2021-09-17T12:10:44 IST" skipped="0">
  <testcase classname="com.crm.autodesk.PurchaseOrderTest.TC_03_CreatePurchaseOrderCopyShippingAddress" name="createPurchaseOrderwithCopySA" time="28.327"/>
  <system-out/>
</testsuite> <!-- com.crm.autodesk.PurchaseOrderTest.TC_03_CreatePurchaseOrderCopyShippingAddress -->
