<?xml version="1.0" encoding="UTF-8"?>
<!-- Generated by org.testng.reporters.JUnitReportReporter -->
<testsuite hostname="DESKTOP-100B1FK" failures="0" tests="5" name="com.crm.autodesk.OrganizationTest.TC_02_CreateOrganizationwithIndustryDDTest" time="129.184" errors="0" timestamp="2021-09-15T22:05:47 IST" skipped="0">
  <testcase classname="com.crm.autodesk.OrganizationTest.TC_02_CreateOrganizationwithIndustryDDTest" name="createOrgwithMultipleData" time="20.823"/>
  <system-out/>
  <testcase classname="com.crm.autodesk.OrganizationTest.TC_02_CreateOrganizationwithIndustryDDTest" name="createOrgwithMultipleData" time="20.697"/>
  <system-out/>
  <testcase classname="com.crm.autodesk.OrganizationTest.TC_02_CreateOrganizationwithIndustryDDTest" name="createOrgwithMultipleData" time="19.914"/>
  <system-out/>
  <testcase classname="com.crm.autodesk.OrganizationTest.TC_02_CreateOrganizationwithIndustryDDTest" name="createOrgwithMultipleData" time="43.851"/>
  <system-out/>
  <testcase classname="com.crm.autodesk.OrganizationTest.TC_02_CreateOrganizationwithIndustryDDTest" name="createOrgwithMultipleData" time="23.899"/>
  <system-out/>
</testsuite> <!-- com.crm.autodesk.OrganizationTest.TC_02_CreateOrganizationwithIndustryDDTest -->
